(?, 4)
Epoch: 1
validation loss: 1.12649e+08
training loss: 15870.6
Epoch: 2
training loss: 854.708
Epoch: 3
training loss: 403.643
Epoch: 4
training loss: 127.342
Epoch: 5
training loss: 44.5635
Epoch: 6
training loss: 32.7558
Epoch: 7
training loss: 28.1955
Epoch: 8
training loss: 27.067
Epoch: 9
training loss: 24.4857
Epoch: 10
training loss: 31.0107
Epoch: 11
validation loss: 58.0225
training loss: 23.9336
checkpoint saved in file: /home/hrishkeshpattepu/fisheye/masterthesis/tf_save/model_motor_speed_torque_epoch_11.ckpt
Epoch: 12
training loss: 29.6828
checkpoint saved in file: /home/hrishkeshpattepu/fisheye/masterthesis/tf_save/model_motor_speed_torque_epoch_12.ckpt
Epoch: 13
training loss: 29.9583
checkpoint saved in file: /home/hrishkeshpattepu/fisheye/masterthesis/tf_save/model_motor_speed_torque_epoch_13.ckpt
Epoch: 14
training loss: 29.2064
checkpoint saved in file: /home/hrishkeshpattepu/fisheye/masterthesis/tf_save/model_motor_speed_torque_epoch_14.ckpt
Epoch: 15
training loss: 33.5117
checkpoint saved in file: /home/hrishkeshpattepu/fisheye/masterthesis/tf_save/model_motor_speed_torque_epoch_15.ckpt
Epoch: 16
training loss: 27.3138
Epoch: 17
training loss: 35.2363
Epoch: 18
training loss: 48.3363
Epoch: 19
training loss: 49.45
Epoch: 20
training loss: 33.293
Epoch: 21
validation loss: 23.4963
training loss: 48.0005
checkpoint saved in file: /home/hrishkeshpattepu/fisheye/masterthesis/tf_save/model_motor_speed_torque_epoch_21.ckpt
Epoch: 22
training loss: 42.0851
checkpoint saved in file: /home/hrishkeshpattepu/fisheye/masterthesis/tf_save/model_motor_speed_torque_epoch_22.ckpt
Epoch: 23
training loss: 39.4483
checkpoint saved in file: /home/hrishkeshpattepu/fisheye/masterthesis/tf_save/model_motor_speed_torque_epoch_23.ckpt
Epoch: 24
training loss: 29.3778
checkpoint saved in file: /home/hrishkeshpattepu/fisheye/masterthesis/tf_save/model_motor_speed_torque_epoch_24.ckpt
Epoch: 25
training loss: 27.4723
checkpoint saved in file: /home/hrishkeshpattepu/fisheye/masterthesis/tf_save/model_motor_speed_torque_epoch_25.ckpt
Epoch: 26
training loss: 24.6848
Epoch: 27
training loss: 24.2623
Epoch: 28
training loss: 28.316
Epoch: 29
training loss: 25.0498
Epoch: 30
training loss: 28.5606
Epoch: 31
validation loss: 19.1562
training loss: 29.962
checkpoint saved in file: /home/hrishkeshpattepu/fisheye/masterthesis/tf_save/model_motor_speed_torque_epoch_31.ckpt
Epoch: 32
training loss: 29.8101
checkpoint saved in file: /home/hrishkeshpattepu/fisheye/masterthesis/tf_save/model_motor_speed_torque_epoch_32.ckpt
Epoch: 33
training loss: 37.8564
checkpoint saved in file: /home/hrishkeshpattepu/fisheye/masterthesis/tf_save/model_motor_speed_torque_epoch_33.ckpt
Epoch: 34
training loss: 32.6225
checkpoint saved in file: /home/hrishkeshpattepu/fisheye/masterthesis/tf_save/model_motor_speed_torque_epoch_34.ckpt
Epoch: 35
training loss: 48.6925
checkpoint saved in file: /home/hrishkeshpattepu/fisheye/masterthesis/tf_save/model_motor_speed_torque_epoch_35.ckpt
Epoch: 36
training loss: 51.3474
Epoch: 37
training loss: 37.5811
Epoch: 38
training loss: 37.7898
Epoch: 39
training loss: 34.3698
Epoch: 40
training loss: 36.4109
Epoch: 41
validation loss: 21.3683
training loss: 40.0666
Epoch: 42
training loss: 40.1627
Epoch: 43
training loss: 37.2246
Epoch: 44
training loss: 31.5051
Epoch: 45
training loss: 38.7275
Epoch: 46
training loss: 35.47
Epoch: 47
training loss: 36.2333
Epoch: 48
training loss: 46.1029
Epoch: 49
training loss: 35.7821
Epoch: 50
training loss: 35.9001
Epoch: 51
validation loss: 127.063
training loss: 40.3995
Epoch: 52
training loss: 40.2529
Epoch: 53
training loss: 63.6545
Epoch: 54
training loss: 43.9958
Epoch: 55
training loss: 40.4941
Epoch: 56
training loss: 45.3503
Epoch: 57
training loss: 48.1097
Epoch: 58
training loss: 49.0527
Epoch: 59
training loss: 55.4052
Epoch: 60
training loss: 55.9649
Epoch: 61
validation loss: 34.7899
training loss: 62.8489
Epoch: 62
training loss: 55.834
Epoch: 63
training loss: 77.3959
Epoch: 64
training loss: 52.3662
Epoch: 65
training loss: 52.9152
Epoch: 66
training loss: 123.384
Epoch: 67
training loss: 161.486
Epoch: 68
training loss: 54.4562
Epoch: 69
training loss: 48.2598
Epoch: 70
training loss: 42.803
Epoch: 71
validation loss: 70.5493
